<?xml version="1.0" encoding="UTF-8"?>
<coverage generated="1502227534133" clover="3.2.0">
  <project timestamp="1502227534133" name="All files">
    <metrics statements="42" coveredstatements="37" conditionals="19" coveredconditionals="12" methods="16" coveredmethods="13" elements="77" coveredelements="62" complexity="0" loc="42" ncloc="42" packages="4" files="4" classes="4">
      <package name="action">
        <metrics statements="7" coveredstatements="7" conditionals="0" coveredconditionals="0" methods="4" coveredmethods="3"/>
        <file name="category-actions.js" path="/home/patrick/Patrick/duncan-demo/kanban-testing/src/action/category-actions.js">
          <metrics statements="7" coveredstatements="7" conditionals="0" coveredconditionals="0" methods="4" coveredmethods="3"/>
          <line num="4" count="1" type="stmt"/>
          <line num="5" count="1" type="stmt"/>
          <line num="6" count="1" type="stmt"/>
          <line num="7" count="1" type="stmt"/>
          <line num="13" count="1" type="stmt"/>
          <line num="18" count="1" type="stmt"/>
          <line num="23" count="1" type="stmt"/>
        </file>
      </package>
      <package name="component.category-form">
        <metrics statements="12" coveredstatements="10" conditionals="6" coveredconditionals="2" methods="5" coveredmethods="4"/>
        <file name="index.js" path="/home/patrick/Patrick/duncan-demo/kanban-testing/src/component/category-form/index.js">
          <metrics statements="12" coveredstatements="10" conditionals="6" coveredconditionals="2" methods="5" coveredmethods="4"/>
          <line num="5" count="2" type="stmt"/>
          <line num="6" count="2" type="cond" truecount="1" falsecount="1"/>
          <line num="8" count="2" type="stmt"/>
          <line num="9" count="2" type="stmt"/>
          <line num="15" count="0" type="cond" truecount="0" falsecount="2"/>
          <line num="16" count="0" type="stmt"/>
          <line num="20" count="1" type="stmt"/>
          <line num="24" count="1" type="stmt"/>
          <line num="25" count="1" type="stmt"/>
          <line num="28" count="1" type="cond" truecount="1" falsecount="1"/>
          <line num="29" count="1" type="stmt"/>
          <line num="33" count="5" type="stmt"/>
        </file>
      </package>
      <package name="lib">
        <metrics statements="9" coveredstatements="9" conditionals="0" coveredconditionals="0" methods="3" coveredmethods="3"/>
        <file name="redux-reporter.js" path="/home/patrick/Patrick/duncan-demo/kanban-testing/src/lib/redux-reporter.js">
          <metrics statements="9" coveredstatements="9" conditionals="0" coveredconditionals="0" methods="3" coveredmethods="3"/>
          <line num="1" count="2" type="stmt"/>
          <line num="2" count="3" type="stmt"/>
          <line num="4" count="3" type="stmt"/>
          <line num="5" count="3" type="stmt"/>
          <line num="6" count="2" type="stmt"/>
          <line num="7" count="2" type="stmt"/>
          <line num="9" count="1" type="stmt"/>
          <line num="10" count="1" type="stmt"/>
          <line num="11" count="1" type="stmt"/>
        </file>
      </package>
      <package name="reducer">
        <metrics statements="14" coveredstatements="11" conditionals="13" coveredconditionals="10" methods="4" coveredmethods="3"/>
        <file name="category.js" path="/home/patrick/Patrick/duncan-demo/kanban-testing/src/reducer/category.js">
          <metrics statements="14" coveredstatements="11" conditionals="13" coveredconditionals="10" methods="4" coveredmethods="3"/>
          <line num="1" count="1" type="stmt"/>
          <line num="2" count="3" type="cond" truecount="5" falsecount="0"/>
          <line num="3" count="2" type="stmt"/>
          <line num="6" count="1" type="stmt"/>
          <line num="9" count="5" type="stmt"/>
          <line num="10" count="5" type="cond" truecount="4" falsecount="1"/>
          <line num="12" count="1" type="stmt"/>
          <line num="13" count="0" type="stmt"/>
          <line num="15" count="1" type="stmt"/>
          <line num="16" count="0" type="cond" truecount="0" falsecount="2"/>
          <line num="18" count="1" type="stmt"/>
          <line num="19" count="4" type="stmt"/>
          <line num="21" count="0" type="stmt"/>
          <line num="23" count="2" type="stmt"/>
        </file>
      </package>
    </metrics>
  </project>
</coverage>
