{"/home/patrick/Patrick/duncan-demo/kanban-testing/src/action/category-actions.js": {"path":"/home/patrick/Patrick/duncan-demo/kanban-testing/src/action/category-actions.js","statementMap":{"0":{"start":{"line":4,"column":30},"end":{"line":11,"column":1}},"1":{"start":{"line":5,"column":2},"end":{"line":5,"column":22}},"2":{"start":{"line":6,"column":2},"end":{"line":6,"column":33}},"3":{"start":{"line":7,"column":2},"end":{"line":10,"column":3}},"4":{"start":{"line":13,"column":30},"end":{"line":16,"column":2}},"5":{"start":{"line":13,"column":45},"end":{"line":16,"column":1}},"6":{"start":{"line":18,"column":30},"end":{"line":21,"column":2}},"7":{"start":{"line":18,"column":45},"end":{"line":21,"column":1}},"8":{"start":{"line":23,"column":29},"end":{"line":23,"column":61}},"9":{"start":{"line":23,"column":36},"end":{"line":23,"column":60}}},"fnMap":{"0":{"name":"(anonymous_0)","decl":{"start":{"line":4,"column":30},"end":{"line":4,"column":31}},"loc":{"start":{"line":4,"column":43},"end":{"line":11,"column":1}},"line":4},"1":{"name":"(anonymous_1)","decl":{"start":{"line":13,"column":30},"end":{"line":13,"column":31}},"loc":{"start":{"line":13,"column":45},"end":{"line":16,"column":1}},"line":13},"2":{"name":"(anonymous_2)","decl":{"start":{"line":18,"column":30},"end":{"line":18,"column":31}},"loc":{"start":{"line":18,"column":45},"end":{"line":21,"column":1}},"line":18},"3":{"name":"(anonymous_3)","decl":{"start":{"line":23,"column":29},"end":{"line":23,"column":30}},"loc":{"start":{"line":23,"column":36},"end":{"line":23,"column":60}},"line":23}},"branchMap":{},"s":{"0":1,"1":1,"2":1,"3":1,"4":1,"5":1,"6":1,"7":1,"8":1,"9":0},"f":{"0":1,"1":1,"2":1,"3":0},"b":{},"_coverageSchema":"332fd63041d2c1bcb487cc26dd0d5f7d97098a6c","hash":"efefc9d737db617cc8f60e197f189e72bf4a4aad"}
,"/home/patrick/Patrick/duncan-demo/kanban-testing/src/component/category-form/index.js": {"path":"/home/patrick/Patrick/duncan-demo/kanban-testing/src/component/category-form/index.js","statementMap":{"0":{"start":{"line":5,"column":4},"end":{"line":5,"column":16}},"1":{"start":{"line":6,"column":4},"end":{"line":6,"column":67}},"2":{"start":{"line":8,"column":4},"end":{"line":8,"column":52}},"3":{"start":{"line":9,"column":4},"end":{"line":9,"column":52}},"4":{"start":{"line":15,"column":4},"end":{"line":16,"column":35}},"5":{"start":{"line":16,"column":6},"end":{"line":16,"column":35}},"6":{"start":{"line":20,"column":4},"end":{"line":20,"column":42}},"7":{"start":{"line":24,"column":4},"end":{"line":24,"column":22}},"8":{"start":{"line":25,"column":4},"end":{"line":25,"column":42}},"9":{"start":{"line":28,"column":4},"end":{"line":29,"column":32}},"10":{"start":{"line":29,"column":6},"end":{"line":29,"column":32}},"11":{"start":{"line":33,"column":4},"end":{"line":45,"column":5}}},"fnMap":{"0":{"name":"(anonymous_0)","decl":{"start":{"line":4,"column":2},"end":{"line":4,"column":3}},"loc":{"start":{"line":4,"column":20},"end":{"line":10,"column":3}},"line":4},"1":{"name":"(anonymous_1)","decl":{"start":{"line":14,"column":2},"end":{"line":14,"column":3}},"loc":{"start":{"line":14,"column":34},"end":{"line":17,"column":3}},"line":14},"2":{"name":"(anonymous_2)","decl":{"start":{"line":19,"column":2},"end":{"line":19,"column":3}},"loc":{"start":{"line":19,"column":17},"end":{"line":21,"column":3}},"line":19},"3":{"name":"(anonymous_3)","decl":{"start":{"line":23,"column":2},"end":{"line":23,"column":3}},"loc":{"start":{"line":23,"column":17},"end":{"line":30,"column":3}},"line":23},"4":{"name":"(anonymous_4)","decl":{"start":{"line":32,"column":2},"end":{"line":32,"column":3}},"loc":{"start":{"line":32,"column":10},"end":{"line":46,"column":3}},"line":32}},"branchMap":{"0":{"loc":{"start":{"line":6,"column":17},"end":{"line":6,"column":67}},"type":"cond-expr","locations":[{"start":{"line":6,"column":34},"end":{"line":6,"column":53}},{"start":{"line":6,"column":56},"end":{"line":6,"column":67}}],"line":6},"1":{"loc":{"start":{"line":15,"column":4},"end":{"line":16,"column":35}},"type":"if","locations":[{"start":{"line":15,"column":4},"end":{"line":16,"column":35}},{"start":{"line":15,"column":4},"end":{"line":16,"column":35}}],"line":15},"2":{"loc":{"start":{"line":28,"column":4},"end":{"line":29,"column":32}},"type":"if","locations":[{"start":{"line":28,"column":4},"end":{"line":29,"column":32}},{"start":{"line":28,"column":4},"end":{"line":29,"column":32}}],"line":28}},"s":{"0":2,"1":2,"2":2,"3":2,"4":0,"5":0,"6":1,"7":1,"8":1,"9":1,"10":1,"11":5},"f":{"0":2,"1":0,"2":1,"3":1,"4":5},"b":{"0":[0,2],"1":[0,0],"2":[1,0]},"_coverageSchema":"332fd63041d2c1bcb487cc26dd0d5f7d97098a6c","hash":"5f31de952eb6b14ba814be700bf2bc53c2ac47dd"}
,"/home/patrick/Patrick/duncan-demo/kanban-testing/src/lib/redux-reporter.js": {"path":"/home/patrick/Patrick/duncan-demo/kanban-testing/src/lib/redux-reporter.js","statementMap":{"0":{"start":{"line":1,"column":15},"end":{"line":13,"column":1}},"1":{"start":{"line":1,"column":24},"end":{"line":13,"column":1}},"2":{"start":{"line":1,"column":32},"end":{"line":13,"column":1}},"3":{"start":{"line":2,"column":2},"end":{"line":2,"column":35}},"4":{"start":{"line":4,"column":2},"end":{"line":12,"column":3}},"5":{"start":{"line":5,"column":17},"end":{"line":5,"column":29}},"6":{"start":{"line":6,"column":4},"end":{"line":6,"column":46}},"7":{"start":{"line":7,"column":4},"end":{"line":7,"column":17}},"8":{"start":{"line":9,"column":4},"end":{"line":9,"column":24}},"9":{"start":{"line":10,"column":4},"end":{"line":10,"column":37}},"10":{"start":{"line":11,"column":4},"end":{"line":11,"column":16}}},"fnMap":{"0":{"name":"(anonymous_0)","decl":{"start":{"line":1,"column":15},"end":{"line":1,"column":16}},"loc":{"start":{"line":1,"column":24},"end":{"line":13,"column":1}},"line":1},"1":{"name":"(anonymous_1)","decl":{"start":{"line":1,"column":24},"end":{"line":1,"column":25}},"loc":{"start":{"line":1,"column":32},"end":{"line":13,"column":1}},"line":1},"2":{"name":"(anonymous_2)","decl":{"start":{"line":1,"column":32},"end":{"line":1,"column":33}},"loc":{"start":{"line":1,"column":41},"end":{"line":13,"column":1}},"line":1}},"branchMap":{},"s":{"0":1,"1":2,"2":2,"3":3,"4":3,"5":3,"6":2,"7":2,"8":1,"9":1,"10":1},"f":{"0":2,"1":2,"2":3},"b":{},"_coverageSchema":"332fd63041d2c1bcb487cc26dd0d5f7d97098a6c","hash":"c0c769dc8af487282e7394be3c5ce7dfa7957740"}
,"/home/patrick/Patrick/duncan-demo/kanban-testing/src/reducer/category.js": {"path":"/home/patrick/Patrick/duncan-demo/kanban-testing/src/reducer/category.js","statementMap":{"0":{"start":{"line":1,"column":23},"end":{"line":4,"column":1}},"1":{"start":{"line":2,"column":2},"end":{"line":3,"column":84}},"2":{"start":{"line":3,"column":4},"end":{"line":3,"column":84}},"3":{"start":{"line":6,"column":18},"end":{"line":6,"column":20}},"4":{"start":{"line":9,"column":24},"end":{"line":9,"column":30}},"5":{"start":{"line":10,"column":2},"end":{"line":24,"column":3}},"6":{"start":{"line":12,"column":6},"end":{"line":12,"column":31}},"7":{"start":{"line":13,"column":6},"end":{"line":13,"column":32}},"8":{"start":{"line":15,"column":6},"end":{"line":15,"column":31}},"9":{"start":{"line":16,"column":6},"end":{"line":16,"column":82}},"10":{"start":{"line":16,"column":35},"end":{"line":16,"column":81}},"11":{"start":{"line":18,"column":6},"end":{"line":18,"column":31}},"12":{"start":{"line":19,"column":6},"end":{"line":19,"column":65}},"13":{"start":{"line":19,"column":38},"end":{"line":19,"column":64}},"14":{"start":{"line":21,"column":6},"end":{"line":21,"column":24}},"15":{"start":{"line":23,"column":6},"end":{"line":23,"column":18}}},"fnMap":{"0":{"name":"(anonymous_0)","decl":{"start":{"line":1,"column":23},"end":{"line":1,"column":24}},"loc":{"start":{"line":1,"column":35},"end":{"line":4,"column":1}},"line":1},"1":{"name":"(anonymous_1)","decl":{"start":{"line":8,"column":14},"end":{"line":8,"column":15}},"loc":{"start":{"line":8,"column":45},"end":{"line":25,"column":1}},"line":8},"2":{"name":"(anonymous_2)","decl":{"start":{"line":16,"column":23},"end":{"line":16,"column":24}},"loc":{"start":{"line":16,"column":35},"end":{"line":16,"column":81}},"line":16},"3":{"name":"(anonymous_3)","decl":{"start":{"line":19,"column":26},"end":{"line":19,"column":27}},"loc":{"start":{"line":19,"column":38},"end":{"line":19,"column":64}},"line":19}},"branchMap":{"0":{"loc":{"start":{"line":2,"column":2},"end":{"line":3,"column":84}},"type":"if","locations":[{"start":{"line":2,"column":2},"end":{"line":3,"column":84}},{"start":{"line":2,"column":2},"end":{"line":3,"column":84}}],"line":2},"1":{"loc":{"start":{"line":2,"column":5},"end":{"line":2,"column":53}},"type":"binary-expr","locations":[{"start":{"line":2,"column":5},"end":{"line":2,"column":13}},{"start":{"line":2,"column":17},"end":{"line":2,"column":31}},{"start":{"line":2,"column":35},"end":{"line":2,"column":53}}],"line":2},"2":{"loc":{"start":{"line":8,"column":15},"end":{"line":8,"column":32}},"type":"default-arg","locations":[{"start":{"line":8,"column":21},"end":{"line":8,"column":32}}],"line":8},"3":{"loc":{"start":{"line":10,"column":2},"end":{"line":24,"column":3}},"type":"switch","locations":[{"start":{"line":11,"column":4},"end":{"line":13,"column":32}},{"start":{"line":14,"column":4},"end":{"line":16,"column":82}},{"start":{"line":17,"column":4},"end":{"line":19,"column":65}},{"start":{"line":20,"column":4},"end":{"line":21,"column":24}},{"start":{"line":22,"column":4},"end":{"line":23,"column":18}}],"line":10},"4":{"loc":{"start":{"line":16,"column":35},"end":{"line":16,"column":81}},"type":"cond-expr","locations":[{"start":{"line":16,"column":63},"end":{"line":16,"column":70}},{"start":{"line":16,"column":73},"end":{"line":16,"column":81}}],"line":16}},"s":{"0":1,"1":3,"2":2,"3":1,"4":5,"5":5,"6":1,"7":0,"8":1,"9":0,"10":0,"11":1,"12":1,"13":4,"14":0,"15":2},"f":{"0":3,"1":5,"2":0,"3":4},"b":{"0":[2,1],"1":[3,3,2],"2":[1],"3":[1,1,1,0,2],"4":[0,0]},"_coverageSchema":"332fd63041d2c1bcb487cc26dd0d5f7d97098a6c","hash":"f328de270f84c42fbe9e30ebe54d4713ce556e9b"}
}
