TN:
SF:/home/patrick/Patrick/duncan-demo/kanban-testing/src/action/category-actions.js
FN:4,(anonymous_0)
FN:13,(anonymous_1)
FN:18,(anonymous_2)
FN:23,(anonymous_3)
FNF:4
FNH:3
FNDA:1,(anonymous_0)
FNDA:1,(anonymous_1)
FNDA:1,(anonymous_2)
FNDA:0,(anonymous_3)
DA:4,1
DA:5,1
DA:6,1
DA:7,1
DA:13,1
DA:18,1
DA:23,1
LF:7
LH:7
BRF:0
BRH:0
end_of_record
TN:
SF:/home/patrick/Patrick/duncan-demo/kanban-testing/src/component/category-form/index.js
FN:4,(anonymous_0)
FN:14,(anonymous_1)
FN:19,(anonymous_2)
FN:23,(anonymous_3)
FN:32,(anonymous_4)
FNF:5
FNH:4
FNDA:2,(anonymous_0)
FNDA:0,(anonymous_1)
FNDA:1,(anonymous_2)
FNDA:1,(anonymous_3)
FNDA:5,(anonymous_4)
DA:5,2
DA:6,2
DA:8,2
DA:9,2
DA:15,0
DA:16,0
DA:20,1
DA:24,1
DA:25,1
DA:28,1
DA:29,1
DA:33,5
LF:12
LH:10
BRDA:6,0,0,0
BRDA:6,0,1,2
BRDA:15,1,0,0
BRDA:15,1,1,0
BRDA:28,2,0,1
BRDA:28,2,1,0
BRF:6
BRH:2
end_of_record
TN:
SF:/home/patrick/Patrick/duncan-demo/kanban-testing/src/lib/redux-reporter.js
FN:1,(anonymous_0)
FN:1,(anonymous_1)
FN:1,(anonymous_2)
FNF:3
FNH:3
FNDA:2,(anonymous_0)
FNDA:2,(anonymous_1)
FNDA:3,(anonymous_2)
DA:1,2
DA:2,3
DA:4,3
DA:5,3
DA:6,2
DA:7,2
DA:9,1
DA:10,1
DA:11,1
LF:9
LH:9
BRF:0
BRH:0
end_of_record
TN:
SF:/home/patrick/Patrick/duncan-demo/kanban-testing/src/reducer/category.js
FN:1,(anonymous_0)
FN:8,(anonymous_1)
FN:16,(anonymous_2)
FN:19,(anonymous_3)
FNF:4
FNH:3
FNDA:3,(anonymous_0)
FNDA:5,(anonymous_1)
FNDA:0,(anonymous_2)
FNDA:4,(anonymous_3)
DA:1,1
DA:2,3
DA:3,2
DA:6,1
DA:9,5
DA:10,5
DA:12,1
DA:13,0
DA:15,1
DA:16,0
DA:18,1
DA:19,4
DA:21,0
DA:23,2
LF:14
LH:11
BRDA:2,0,0,2
BRDA:2,0,1,1
BRDA:2,1,0,3
BRDA:2,1,1,3
BRDA:2,1,2,2
BRDA:8,2,0,1
BRDA:10,3,0,1
BRDA:10,3,1,1
BRDA:10,3,2,1
BRDA:10,3,3,0
BRDA:10,3,4,2
BRDA:16,4,0,0
BRDA:16,4,1,0
BRF:13
BRH:10
end_of_record
